<?xml version="1.0" encoding="UTF-8"?>
<testng-results ignored="0" total="1" passed="1" failed="0" skipped="0">
  <reporter-output>
  </reporter-output>
  <suite started-at="2021-05-10T21:07:56Z" name="Default suite" finished-at="2021-05-10T21:07:56Z" duration-ms="269">
    <groups>
      <group name="cucumber">
        <method signature="AbstractTestNGCucumberTests.feature(cucumber.api.testng.CucumberFeatureWrapper)[pri:0, instance:com.nexttech.testruner.TestNGTestrunner2@479cbee5]" name="feature" class="cucumber.api.testng.AbstractTestNGCucumberTests"/>
      </group> <!-- cucumber -->
    </groups>
    <test started-at="2021-05-10T21:07:56Z" name="Default test" finished-at="2021-05-10T21:07:56Z" duration-ms="269">
      <class name="com.nexttech.testruner.TestNGTestrunner2">
        <test-method is-config="true" signature="setUpClass()[pri:0, instance:com.nexttech.testruner.TestNGTestrunner2@479cbee5]" started-at="2021-05-10T21:07:56Z" name="setUpClass" finished-at="2021-05-10T21:07:56Z" duration-ms="154" status="PASS">
          <reporter-output>
          </reporter-output>
        </test-method> <!-- setUpClass -->
        <test-method signature="feature(cucumber.api.testng.CucumberFeatureWrapper)[pri:0, instance:com.nexttech.testruner.TestNGTestrunner2@479cbee5]" started-at="2021-05-10T21:07:56Z" name="feature" description="Runs Cucumber Feature" data-provider="features" finished-at="2021-05-10T21:07:56Z" duration-ms="0" status="PASS">
          <params>
            <param index="0">
              <value>
                <![CDATA[User want to Sign in & Sign off from Oscommerce]]>
              </value>
            </param>
          </params>
          <reporter-output>
          </reporter-output>
        </test-method> <!-- feature -->
        <test-method is-config="true" signature="tearDownClass()[pri:0, instance:com.nexttech.testruner.TestNGTestrunner2@479cbee5]" started-at="2021-05-10T21:07:56Z" name="tearDownClass" finished-at="2021-05-10T21:07:56Z" duration-ms="5" status="PASS">
          <reporter-output>
          </reporter-output>
        </test-method> <!-- tearDownClass -->
      </class> <!-- com.nexttech.testruner.TestNGTestrunner2 -->
    </test> <!-- Default test -->
  </suite> <!-- Default suite -->
</testng-results>
